<?xml version="1.0" encoding="UTF-8"?>
<robot generator="Robot 5.0.1 (Python 3.10.4 on darwin)" generated="20220804 16:09:56.770" rpa="false" schemaversion="3">
<suite id="s1" name="testBooks" source="/Users/karamitbrar/Desktop/EECS/3311/project/testBooks.robot">
<test id="s1-t1" name="addActorPass" line="7">
<kw name="Create Session" library="RequestsLibrary">
<arg>localhost</arg>
<arg>http://localhost:8080</arg>
<doc>Create Session: create a HTTP session to a server</doc>
<msg timestamp="20220804 16:09:56.812" level="INFO">Creating Session using : alias=localhost, url=http://localhost:8080, headers={},                     cookies={}, auth=None, timeout=None, proxies=None, verify=False,                     debug=0 </msg>
<status status="PASS" starttime="20220804 16:09:56.812" endtime="20220804 16:09:56.812"/>
</kw>
<kw name="Create Dictionary" library="BuiltIn">
<var>${headers}</var>
<arg>Content-Type=application/json</arg>
<doc>Creates and returns a dictionary based on the given ``items``.</doc>
<msg timestamp="20220804 16:09:56.812" level="INFO">${headers} = {'Content-Type': 'application/json'}</msg>
<status status="PASS" starttime="20220804 16:09:56.812" endtime="20220804 16:09:56.812"/>
</kw>
<kw name="Create Dictionary" library="BuiltIn">
<var>${params}</var>
<arg>name=George Orwell</arg>
<arg>actorId=nm31</arg>
<doc>Creates and returns a dictionary based on the given ``items``.</doc>
<msg timestamp="20220804 16:09:56.812" level="INFO">${params} = {'name': 'George Orwell', 'actorId': 'nm31'}</msg>
<status status="PASS" starttime="20220804 16:09:56.812" endtime="20220804 16:09:56.812"/>
</kw>
<kw name="Put Request" library="RequestsLibrary">
<var>${resp}</var>
<arg>localhost</arg>
<arg>/api/v1/addActor</arg>
<arg>data=${params}</arg>
<arg>headers=${headers}</arg>
<doc>*DEPRECATED* Please use `PUT On Session` instead.</doc>
<msg timestamp="20220804 16:09:56.812" level="WARN">Keyword 'RequestsLibrary.Put Request' is deprecated. Please use `PUT On Session` instead.</msg>
<msg timestamp="20220804 16:09:57.035" level="INFO">PUT Request : url=http://localhost:8080/api/v1/addActor 
 path_url=/api/v1/addActor 
 headers={'User-Agent': 'python-requests/2.28.1', 'Accept-Encoding': 'gzip, deflate', 'Accept': '*/*', 'Connection': 'keep-alive', 'Content-Type': 'application/json', 'Content-Length': '44'} 
 body={"name": "George Orwell", "actorId": "nm31"} 
 </msg>
<msg timestamp="20220804 16:09:57.035" level="INFO">PUT Response : url=http://localhost:8080/api/v1/addActor 
 status=200, reason=OK 
 headers={'Date': 'Thu, 04 Aug 2022 20:09:57 GMT', 'Content-length': '0'} 
 body=None 
 </msg>
<msg timestamp="20220804 16:09:57.036" level="INFO">${resp} = &lt;Response [200]&gt;</msg>
<status status="PASS" starttime="20220804 16:09:56.812" endtime="20220804 16:09:57.036"/>
</kw>
<kw name="Should Be Equal As Strings" library="BuiltIn">
<arg>${resp.status_code}</arg>
<arg>200</arg>
<doc>Fails if objects are unequal after converting them to strings.</doc>
<msg timestamp="20220804 16:09:57.037" level="INFO">Argument types are:
&lt;class 'int'&gt;
&lt;class 'str'&gt;</msg>
<status status="PASS" starttime="20220804 16:09:57.036" endtime="20220804 16:09:57.037"/>
</kw>
<timeout value="30 seconds"/>
<status status="PASS" starttime="20220804 16:09:56.811" endtime="20220804 16:09:57.037"/>
</test>
<test id="s1-t2" name="addActorFail" line="14">
<kw name="Create Session" library="RequestsLibrary">
<arg>localhost</arg>
<arg>http://localhost:8080</arg>
<doc>Create Session: create a HTTP session to a server</doc>
<msg timestamp="20220804 16:09:57.038" level="INFO">Creating Session using : alias=localhost, url=http://localhost:8080, headers={},                     cookies={}, auth=None, timeout=None, proxies=None, verify=False,                     debug=0 </msg>
<status status="PASS" starttime="20220804 16:09:57.038" endtime="20220804 16:09:57.039"/>
</kw>
<kw name="Create Dictionary" library="BuiltIn">
<var>${headers}</var>
<arg>Content-Type=application/json</arg>
<doc>Creates and returns a dictionary based on the given ``items``.</doc>
<msg timestamp="20220804 16:09:57.039" level="INFO">${headers} = {'Content-Type': 'application/json'}</msg>
<status status="PASS" starttime="20220804 16:09:57.039" endtime="20220804 16:09:57.039"/>
</kw>
<kw name="Create Dictionary" library="BuiltIn">
<var>${params}</var>
<arg>name=Devin</arg>
<doc>Creates and returns a dictionary based on the given ``items``.</doc>
<msg timestamp="20220804 16:09:57.039" level="INFO">${params} = {'name': 'Devin'}</msg>
<status status="PASS" starttime="20220804 16:09:57.039" endtime="20220804 16:09:57.039"/>
</kw>
<kw name="Put Request" library="RequestsLibrary">
<var>${resp}</var>
<arg>localhost</arg>
<arg>/api/v1/addActor</arg>
<arg>data=${params}</arg>
<arg>headers=${headers}</arg>
<doc>*DEPRECATED* Please use `PUT On Session` instead.</doc>
<msg timestamp="20220804 16:09:57.040" level="WARN">Keyword 'RequestsLibrary.Put Request' is deprecated. Please use `PUT On Session` instead.</msg>
<msg timestamp="20220804 16:09:59.288" level="INFO">PUT Request : url=http://localhost:8080/api/v1/addActor 
 path_url=/api/v1/addActor 
 headers={'User-Agent': 'python-requests/2.28.1', 'Accept-Encoding': 'gzip, deflate', 'Accept': '*/*', 'Connection': 'keep-alive', 'Content-Type': 'application/json', 'Content-Length': '17'} 
 body={"name": "Devin"} 
 </msg>
<msg timestamp="20220804 16:09:59.288" level="INFO">PUT Response : url=http://localhost:8080/api/v1/addActor 
 status=400, reason=Bad Request 
 headers={'Date': 'Thu, 04 Aug 2022 20:09:59 GMT', 'Content-length': '0'} 
 body=None 
 </msg>
<msg timestamp="20220804 16:09:59.288" level="INFO">${resp} = &lt;Response [400]&gt;</msg>
<status status="PASS" starttime="20220804 16:09:57.040" endtime="20220804 16:09:59.288"/>
</kw>
<kw name="Should Be Equal As Strings" library="BuiltIn">
<arg>${resp.status_code}</arg>
<arg>400</arg>
<doc>Fails if objects are unequal after converting them to strings.</doc>
<msg timestamp="20220804 16:09:59.289" level="INFO">Argument types are:
&lt;class 'int'&gt;
&lt;class 'str'&gt;</msg>
<status status="PASS" starttime="20220804 16:09:59.289" endtime="20220804 16:09:59.290"/>
</kw>
<timeout value="30 seconds"/>
<status status="PASS" starttime="20220804 16:09:57.038" endtime="20220804 16:09:59.290"/>
</test>
<test id="s1-t3" name="addMoviePass" line="21">
<kw name="Create Session" library="RequestsLibrary">
<arg>localhost</arg>
<arg>http://localhost:8080</arg>
<doc>Create Session: create a HTTP session to a server</doc>
<msg timestamp="20220804 16:09:59.291" level="INFO">Creating Session using : alias=localhost, url=http://localhost:8080, headers={},                     cookies={}, auth=None, timeout=None, proxies=None, verify=False,                     debug=0 </msg>
<status status="PASS" starttime="20220804 16:09:59.291" endtime="20220804 16:09:59.291"/>
</kw>
<kw name="Create Dictionary" library="BuiltIn">
<var>${headers}</var>
<arg>Content-Type=application/json</arg>
<doc>Creates and returns a dictionary based on the given ``items``.</doc>
<msg timestamp="20220804 16:09:59.292" level="INFO">${headers} = {'Content-Type': 'application/json'}</msg>
<status status="PASS" starttime="20220804 16:09:59.291" endtime="20220804 16:09:59.292"/>
</kw>
<kw name="Create Dictionary" library="BuiltIn">
<var>${params}</var>
<arg>name=Titanic</arg>
<arg>movieId=n76m1</arg>
<arg>imdbRatings=${7.8}</arg>
<arg>runtime=${120}</arg>
<doc>Creates and returns a dictionary based on the given ``items``.</doc>
<msg timestamp="20220804 16:09:59.293" level="INFO">${params} = {'name': 'Titanic', 'movieId': 'n76m1', 'imdbRatings': 7.8, 'runtime': 120}</msg>
<status status="PASS" starttime="20220804 16:09:59.292" endtime="20220804 16:09:59.293"/>
</kw>
<kw name="Put Request" library="RequestsLibrary">
<var>${resp}</var>
<arg>localhost</arg>
<arg>/api/v1/addMovie</arg>
<arg>data=${params}</arg>
<arg>headers=${headers}</arg>
<doc>*DEPRECATED* Please use `PUT On Session` instead.</doc>
<msg timestamp="20220804 16:09:59.293" level="WARN">Keyword 'RequestsLibrary.Put Request' is deprecated. Please use `PUT On Session` instead.</msg>
<msg timestamp="20220804 16:09:59.427" level="INFO">PUT Request : url=http://localhost:8080/api/v1/addMovie 
 path_url=/api/v1/addMovie 
 headers={'User-Agent': 'python-requests/2.28.1', 'Accept-Encoding': 'gzip, deflate', 'Accept': '*/*', 'Connection': 'keep-alive', 'Content-Type': 'application/json', 'Content-Length': '75'} 
 body={"name": "Titanic", "movieId": "n76m1", "imdbRatings": 7.8, "runtime": 120} 
 </msg>
<msg timestamp="20220804 16:09:59.427" level="INFO">PUT Response : url=http://localhost:8080/api/v1/addMovie 
 status=200, reason=OK 
 headers={'Date': 'Thu, 04 Aug 2022 20:09:59 GMT', 'Content-length': '0'} 
 body=None 
 </msg>
<msg timestamp="20220804 16:09:59.428" level="INFO">${resp} = &lt;Response [200]&gt;</msg>
<status status="PASS" starttime="20220804 16:09:59.293" endtime="20220804 16:09:59.428"/>
</kw>
<kw name="Should Be Equal As Strings" library="BuiltIn">
<arg>${resp.status_code}</arg>
<arg>200</arg>
<doc>Fails if objects are unequal after converting them to strings.</doc>
<msg timestamp="20220804 16:09:59.429" level="INFO">Argument types are:
&lt;class 'int'&gt;
&lt;class 'str'&gt;</msg>
<status status="PASS" starttime="20220804 16:09:59.428" endtime="20220804 16:09:59.429"/>
</kw>
<timeout value="30 seconds"/>
<status status="PASS" starttime="20220804 16:09:59.290" endtime="20220804 16:09:59.429"/>
</test>
<test id="s1-t4" name="addMovieFail" line="28">
<kw name="Create Session" library="RequestsLibrary">
<arg>localhost</arg>
<arg>http://localhost:8080</arg>
<doc>Create Session: create a HTTP session to a server</doc>
<msg timestamp="20220804 16:09:59.431" level="INFO">Creating Session using : alias=localhost, url=http://localhost:8080, headers={},                     cookies={}, auth=None, timeout=None, proxies=None, verify=False,                     debug=0 </msg>
<status status="PASS" starttime="20220804 16:09:59.430" endtime="20220804 16:09:59.431"/>
</kw>
<kw name="Create Dictionary" library="BuiltIn">
<var>${headers}</var>
<arg>Content-Type=application/json</arg>
<doc>Creates and returns a dictionary based on the given ``items``.</doc>
<msg timestamp="20220804 16:09:59.431" level="INFO">${headers} = {'Content-Type': 'application/json'}</msg>
<status status="PASS" starttime="20220804 16:09:59.431" endtime="20220804 16:09:59.431"/>
</kw>
<kw name="Create Dictionary" library="BuiltIn">
<var>${params}</var>
<arg>name=Titanic</arg>
<arg>imdbRatings=7.8</arg>
<arg>runtime=120</arg>
<doc>Creates and returns a dictionary based on the given ``items``.</doc>
<msg timestamp="20220804 16:09:59.432" level="INFO">${params} = {'name': 'Titanic', 'imdbRatings': '7.8', 'runtime': '120'}</msg>
<status status="PASS" starttime="20220804 16:09:59.431" endtime="20220804 16:09:59.432"/>
</kw>
<kw name="Put Request" library="RequestsLibrary">
<var>${resp}</var>
<arg>localhost</arg>
<arg>/api/v1/addMovie</arg>
<arg>data=${params}</arg>
<arg>headers=${headers}</arg>
<doc>*DEPRECATED* Please use `PUT On Session` instead.</doc>
<msg timestamp="20220804 16:09:59.432" level="WARN">Keyword 'RequestsLibrary.Put Request' is deprecated. Please use `PUT On Session` instead.</msg>
<msg timestamp="20220804 16:10:01.692" level="INFO">PUT Request : url=http://localhost:8080/api/v1/addMovie 
 path_url=/api/v1/addMovie 
 headers={'User-Agent': 'python-requests/2.28.1', 'Accept-Encoding': 'gzip, deflate', 'Accept': '*/*', 'Connection': 'keep-alive', 'Content-Type': 'application/json', 'Content-Length': '59'} 
 body={"name": "Titanic", "imdbRatings": "7.8", "runtime": "120"} 
 </msg>
<msg timestamp="20220804 16:10:01.692" level="INFO">PUT Response : url=http://localhost:8080/api/v1/addMovie 
 status=400, reason=Bad Request 
 headers={'Date': 'Thu, 04 Aug 2022 20:10:01 GMT', 'Content-length': '0'} 
 body=None 
 </msg>
<msg timestamp="20220804 16:10:01.693" level="INFO">${resp} = &lt;Response [400]&gt;</msg>
<status status="PASS" starttime="20220804 16:09:59.432" endtime="20220804 16:10:01.693"/>
</kw>
<kw name="Should Be Equal As Strings" library="BuiltIn">
<arg>${resp.status_code}</arg>
<arg>400</arg>
<doc>Fails if objects are unequal after converting them to strings.</doc>
<msg timestamp="20220804 16:10:01.694" level="INFO">Argument types are:
&lt;class 'int'&gt;
&lt;class 'str'&gt;</msg>
<status status="PASS" starttime="20220804 16:10:01.693" endtime="20220804 16:10:01.694"/>
</kw>
<timeout value="30 seconds"/>
<status status="PASS" starttime="20220804 16:09:59.430" endtime="20220804 16:10:01.694"/>
</test>
<test id="s1-t5" name="addRelationshipPass" line="36">
<kw name="Create Session" library="RequestsLibrary">
<arg>localhost</arg>
<arg>http://localhost:8080</arg>
<doc>Create Session: create a HTTP session to a server</doc>
<msg timestamp="20220804 16:10:01.696" level="INFO">Creating Session using : alias=localhost, url=http://localhost:8080, headers={},                     cookies={}, auth=None, timeout=None, proxies=None, verify=False,                     debug=0 </msg>
<status status="PASS" starttime="20220804 16:10:01.695" endtime="20220804 16:10:01.696"/>
</kw>
<kw name="Create Dictionary" library="BuiltIn">
<var>${headers}</var>
<arg>Content-Type=application/json</arg>
<doc>Creates and returns a dictionary based on the given ``items``.</doc>
<msg timestamp="20220804 16:10:01.696" level="INFO">${headers} = {'Content-Type': 'application/json'}</msg>
<status status="PASS" starttime="20220804 16:10:01.696" endtime="20220804 16:10:01.696"/>
</kw>
<kw name="Create Dictionary" library="BuiltIn">
<var>${params}</var>
<arg>actorId=nm31</arg>
<arg>movieId=n76m1</arg>
<doc>Creates and returns a dictionary based on the given ``items``.</doc>
<msg timestamp="20220804 16:10:01.697" level="INFO">${params} = {'actorId': 'nm31', 'movieId': 'n76m1'}</msg>
<status status="PASS" starttime="20220804 16:10:01.696" endtime="20220804 16:10:01.697"/>
</kw>
<kw name="Put Request" library="RequestsLibrary">
<var>${resp}</var>
<arg>localhost</arg>
<arg>/api/v1/addRelationship</arg>
<arg>data=${params}</arg>
<arg>headers=${headers}</arg>
<doc>*DEPRECATED* Please use `PUT On Session` instead.</doc>
<msg timestamp="20220804 16:10:01.697" level="WARN">Keyword 'RequestsLibrary.Put Request' is deprecated. Please use `PUT On Session` instead.</msg>
<msg timestamp="20220804 16:10:01.891" level="INFO">PUT Request : url=http://localhost:8080/api/v1/addRelationship 
 path_url=/api/v1/addRelationship 
 headers={'User-Agent': 'python-requests/2.28.1', 'Accept-Encoding': 'gzip, deflate', 'Accept': '*/*', 'Connection': 'keep-alive', 'Content-Type': 'application/json', 'Content-Length': '39'} 
 body={"actorId": "nm31", "movieId": "n76m1"} 
 </msg>
<msg timestamp="20220804 16:10:01.892" level="INFO">PUT Response : url=http://localhost:8080/api/v1/addRelationship 
 status=200, reason=OK 
 headers={'Date': 'Thu, 04 Aug 2022 20:10:01 GMT', 'Content-length': '0'} 
 body=None 
 </msg>
<msg timestamp="20220804 16:10:01.892" level="INFO">${resp} = &lt;Response [200]&gt;</msg>
<status status="PASS" starttime="20220804 16:10:01.697" endtime="20220804 16:10:01.892"/>
</kw>
<kw name="Should Be Equal As Strings" library="BuiltIn">
<arg>${resp.status_code}</arg>
<arg>200</arg>
<doc>Fails if objects are unequal after converting them to strings.</doc>
<msg timestamp="20220804 16:10:01.894" level="INFO">Argument types are:
&lt;class 'int'&gt;
&lt;class 'str'&gt;</msg>
<status status="PASS" starttime="20220804 16:10:01.892" endtime="20220804 16:10:01.894"/>
</kw>
<timeout value="30 seconds"/>
<status status="PASS" starttime="20220804 16:10:01.695" endtime="20220804 16:10:01.894"/>
</test>
<test id="s1-t6" name="addRelationshipFail" line="44">
<kw name="Create Session" library="RequestsLibrary">
<arg>localhost</arg>
<arg>http://localhost:8080</arg>
<doc>Create Session: create a HTTP session to a server</doc>
<msg timestamp="20220804 16:10:01.895" level="INFO">Creating Session using : alias=localhost, url=http://localhost:8080, headers={},                     cookies={}, auth=None, timeout=None, proxies=None, verify=False,                     debug=0 </msg>
<status status="PASS" starttime="20220804 16:10:01.895" endtime="20220804 16:10:01.896"/>
</kw>
<kw name="Create Dictionary" library="BuiltIn">
<var>${headers}</var>
<arg>Content-Type=application/json</arg>
<doc>Creates and returns a dictionary based on the given ``items``.</doc>
<msg timestamp="20220804 16:10:01.896" level="INFO">${headers} = {'Content-Type': 'application/json'}</msg>
<status status="PASS" starttime="20220804 16:10:01.896" endtime="20220804 16:10:01.896"/>
</kw>
<kw name="Create Dictionary" library="BuiltIn">
<var>${params}</var>
<arg>actorId=ghjkkjh31</arg>
<arg>movieId=n76m1</arg>
<doc>Creates and returns a dictionary based on the given ``items``.</doc>
<msg timestamp="20220804 16:10:01.897" level="INFO">${params} = {'actorId': 'ghjkkjh31', 'movieId': 'n76m1'}</msg>
<status status="PASS" starttime="20220804 16:10:01.896" endtime="20220804 16:10:01.897"/>
</kw>
<kw name="Put Request" library="RequestsLibrary">
<var>${resp}</var>
<arg>localhost</arg>
<arg>/api/v1/addRelationship</arg>
<arg>data=${params}</arg>
<arg>headers=${headers}</arg>
<doc>*DEPRECATED* Please use `PUT On Session` instead.</doc>
<msg timestamp="20220804 16:10:01.897" level="WARN">Keyword 'RequestsLibrary.Put Request' is deprecated. Please use `PUT On Session` instead.</msg>
<msg timestamp="20220804 16:10:04.222" level="INFO">PUT Request : url=http://localhost:8080/api/v1/addRelationship 
 path_url=/api/v1/addRelationship 
 headers={'User-Agent': 'python-requests/2.28.1', 'Accept-Encoding': 'gzip, deflate', 'Accept': '*/*', 'Connection': 'keep-alive', 'Content-Type': 'application/json', 'Content-Length': '44'} 
 body={"actorId": "ghjkkjh31", "movieId": "n76m1"} 
 </msg>
<msg timestamp="20220804 16:10:04.222" level="INFO">PUT Response : url=http://localhost:8080/api/v1/addRelationship 
 status=404, reason=Not Found 
 headers={'Date': 'Thu, 04 Aug 2022 20:10:04 GMT', 'Content-length': '0'} 
 body=None 
 </msg>
<msg timestamp="20220804 16:10:04.223" level="INFO">${resp} = &lt;Response [404]&gt;</msg>
<status status="PASS" starttime="20220804 16:10:01.897" endtime="20220804 16:10:04.223"/>
</kw>
<kw name="Should Be Equal As Strings" library="BuiltIn">
<arg>${resp.status_code}</arg>
<arg>404</arg>
<doc>Fails if objects are unequal after converting them to strings.</doc>
<msg timestamp="20220804 16:10:04.225" level="INFO">Argument types are:
&lt;class 'int'&gt;
&lt;class 'str'&gt;</msg>
<status status="PASS" starttime="20220804 16:10:04.223" endtime="20220804 16:10:04.225"/>
</kw>
<timeout value="30 seconds"/>
<status status="PASS" starttime="20220804 16:10:01.895" endtime="20220804 16:10:04.225"/>
</test>
<test id="s1-t7" name="GetMoviePass" line="51">
<kw name="Create Session" library="RequestsLibrary">
<arg>localhost</arg>
<arg>http://localhost:8080</arg>
<doc>Create Session: create a HTTP session to a server</doc>
<msg timestamp="20220804 16:10:04.226" level="INFO">Creating Session using : alias=localhost, url=http://localhost:8080, headers={},                     cookies={}, auth=None, timeout=None, proxies=None, verify=False,                     debug=0 </msg>
<status status="PASS" starttime="20220804 16:10:04.226" endtime="20220804 16:10:04.226"/>
</kw>
<kw name="Create Dictionary" library="BuiltIn">
<var>${headers}</var>
<arg>Content-Type=application/json</arg>
<doc>Creates and returns a dictionary based on the given ``items``.</doc>
<msg timestamp="20220804 16:10:04.227" level="INFO">${headers} = {'Content-Type': 'application/json'}</msg>
<status status="PASS" starttime="20220804 16:10:04.226" endtime="20220804 16:10:04.227"/>
</kw>
<kw name="Create Dictionary" library="BuiltIn">
<var>${params}</var>
<arg>movieId=n76m1</arg>
<doc>Creates and returns a dictionary based on the given ``items``.</doc>
<msg timestamp="20220804 16:10:04.227" level="INFO">${params} = {'movieId': 'n76m1'}</msg>
<status status="PASS" starttime="20220804 16:10:04.227" endtime="20220804 16:10:04.227"/>
</kw>
<kw name="Get Request" library="RequestsLibrary">
<var>${resp}</var>
<arg>localhost</arg>
<arg>/api/v1/getMovie</arg>
<arg>json=${params}</arg>
<arg>headers=${headers}</arg>
<doc>*DEPRECATED* Please use `GET On Session` instead.</doc>
<msg timestamp="20220804 16:10:04.227" level="WARN">Keyword 'RequestsLibrary.Get Request' is deprecated. Please use `GET On Session` instead.</msg>
<msg timestamp="20220804 16:10:06.523" level="INFO">GET Request : url=http://localhost:8080/api/v1/getMovie 
 path_url=/api/v1/getMovie 
 headers={'User-Agent': 'python-requests/2.28.1', 'Accept-Encoding': 'gzip, deflate', 'Accept': '*/*', 'Connection': 'keep-alive', 'Content-Type': 'application/json', 'Content-Length': '20'} 
 body=b'{"movieId": "n76m1"}' 
 </msg>
<msg timestamp="20220804 16:10:06.527" level="INFO">GET Response : url=http://localhost:8080/api/v1/getMovie 
 status=200, reason=OK 
 headers={'Date': 'Thu, 04 Aug 2022 20:10:06 GMT', 'Content-length': '86'} 
 body={"runtime":120,"movieId":"n76m1","Actors":["nm31"],"imdbRatings":7.8,"Name":"Titanic"} 
 </msg>
<msg timestamp="20220804 16:10:06.527" level="INFO">${resp} = &lt;Response [200]&gt;</msg>
<status status="PASS" starttime="20220804 16:10:04.227" endtime="20220804 16:10:06.527"/>
</kw>
<kw name="Should Be Equal As Strings" library="BuiltIn">
<arg>${resp.status_code}</arg>
<arg>200</arg>
<doc>Fails if objects are unequal after converting them to strings.</doc>
<msg timestamp="20220804 16:10:06.529" level="INFO">Argument types are:
&lt;class 'int'&gt;
&lt;class 'str'&gt;</msg>
<status status="PASS" starttime="20220804 16:10:06.528" endtime="20220804 16:10:06.529"/>
</kw>
<timeout value="30 seconds"/>
<status status="PASS" starttime="20220804 16:10:04.225" endtime="20220804 16:10:06.530"/>
</test>
<test id="s1-t8" name="GetMovieFail" line="58">
<kw name="Create Session" library="RequestsLibrary">
<arg>localhost</arg>
<arg>http://localhost:8080</arg>
<doc>Create Session: create a HTTP session to a server</doc>
<msg timestamp="20220804 16:10:06.531" level="INFO">Creating Session using : alias=localhost, url=http://localhost:8080, headers={},                     cookies={}, auth=None, timeout=None, proxies=None, verify=False,                     debug=0 </msg>
<status status="PASS" starttime="20220804 16:10:06.531" endtime="20220804 16:10:06.531"/>
</kw>
<kw name="Create Dictionary" library="BuiltIn">
<var>${headers}</var>
<arg>Content-Type=application/json</arg>
<doc>Creates and returns a dictionary based on the given ``items``.</doc>
<msg timestamp="20220804 16:10:06.532" level="INFO">${headers} = {'Content-Type': 'application/json'}</msg>
<status status="PASS" starttime="20220804 16:10:06.531" endtime="20220804 16:10:06.532"/>
</kw>
<kw name="Create Dictionary" library="BuiltIn">
<var>${params}</var>
<arg>name=titanic</arg>
<doc>Creates and returns a dictionary based on the given ``items``.</doc>
<msg timestamp="20220804 16:10:06.533" level="INFO">${params} = {'name': 'titanic'}</msg>
<status status="PASS" starttime="20220804 16:10:06.532" endtime="20220804 16:10:06.533"/>
</kw>
<kw name="Get Request" library="RequestsLibrary">
<var>${resp}</var>
<arg>localhost</arg>
<arg>/api/v1/getMovie</arg>
<arg>json=${params}</arg>
<arg>headers=${headers}</arg>
<doc>*DEPRECATED* Please use `GET On Session` instead.</doc>
<msg timestamp="20220804 16:10:06.533" level="WARN">Keyword 'RequestsLibrary.Get Request' is deprecated. Please use `GET On Session` instead.</msg>
<msg timestamp="20220804 16:10:06.541" level="INFO">GET Request : url=http://localhost:8080/api/v1/getMovie 
 path_url=/api/v1/getMovie 
 headers={'User-Agent': 'python-requests/2.28.1', 'Accept-Encoding': 'gzip, deflate', 'Accept': '*/*', 'Connection': 'keep-alive', 'Content-Type': 'application/json', 'Content-Length': '19'} 
 body=b'{"name": "titanic"}' 
 </msg>
<msg timestamp="20220804 16:10:06.541" level="INFO">GET Response : url=http://localhost:8080/api/v1/getMovie 
 status=400, reason=Bad Request 
 headers={'Date': 'Thu, 04 Aug 2022 20:10:06 GMT', 'Content-length': '0'} 
 body=None 
 </msg>
<msg timestamp="20220804 16:10:06.541" level="INFO">${resp} = &lt;Response [400]&gt;</msg>
<status status="PASS" starttime="20220804 16:10:06.533" endtime="20220804 16:10:06.541"/>
</kw>
<kw name="Should Be Equal As Strings" library="BuiltIn">
<arg>${resp.status_code}</arg>
<arg>400</arg>
<doc>Fails if objects are unequal after converting them to strings.</doc>
<msg timestamp="20220804 16:10:06.542" level="INFO">Argument types are:
&lt;class 'int'&gt;
&lt;class 'str'&gt;</msg>
<status status="PASS" starttime="20220804 16:10:06.541" endtime="20220804 16:10:06.542"/>
</kw>
<timeout value="30 seconds"/>
<status status="PASS" starttime="20220804 16:10:06.530" endtime="20220804 16:10:06.542"/>
</test>
<test id="s1-t9" name="GetMovieRuntimePass" line="65">
<kw name="Create Session" library="RequestsLibrary">
<arg>localhost</arg>
<arg>http://localhost:8080</arg>
<doc>Create Session: create a HTTP session to a server</doc>
<msg timestamp="20220804 16:10:06.543" level="INFO">Creating Session using : alias=localhost, url=http://localhost:8080, headers={},                     cookies={}, auth=None, timeout=None, proxies=None, verify=False,                     debug=0 </msg>
<status status="PASS" starttime="20220804 16:10:06.543" endtime="20220804 16:10:06.543"/>
</kw>
<kw name="Create Dictionary" library="BuiltIn">
<var>${headers}</var>
<arg>Content-Type=application/json</arg>
<doc>Creates and returns a dictionary based on the given ``items``.</doc>
<msg timestamp="20220804 16:10:06.544" level="INFO">${headers} = {'Content-Type': 'application/json'}</msg>
<status status="PASS" starttime="20220804 16:10:06.543" endtime="20220804 16:10:06.544"/>
</kw>
<kw name="Create Dictionary" library="BuiltIn">
<var>${params}</var>
<arg>runtime=${100}</arg>
<doc>Creates and returns a dictionary based on the given ``items``.</doc>
<msg timestamp="20220804 16:10:06.545" level="INFO">${params} = {'runtime': 100}</msg>
<status status="PASS" starttime="20220804 16:10:06.544" endtime="20220804 16:10:06.545"/>
</kw>
<kw name="Get Request" library="RequestsLibrary">
<var>${resp}</var>
<arg>localhost</arg>
<arg>/api/v1/getMovieByRuntime</arg>
<arg>json=${params}</arg>
<arg>headers=${headers}</arg>
<doc>*DEPRECATED* Please use `GET On Session` instead.</doc>
<msg timestamp="20220804 16:10:06.545" level="WARN">Keyword 'RequestsLibrary.Get Request' is deprecated. Please use `GET On Session` instead.</msg>
<msg timestamp="20220804 16:10:08.942" level="INFO">GET Request : url=http://localhost:8080/api/v1/getMovieByRuntime 
 path_url=/api/v1/getMovieByRuntime 
 headers={'User-Agent': 'python-requests/2.28.1', 'Accept-Encoding': 'gzip, deflate', 'Accept': '*/*', 'Connection': 'keep-alive', 'Content-Type': 'application/json', 'Content-Length': '16'} 
 body=b'{"runtime": 100}' 
 </msg>
<msg timestamp="20220804 16:10:08.943" level="INFO">GET Response : url=http://localhost:8080/api/v1/getMovieByRuntime 
 status=200, reason=OK 
 headers={'Date': 'Thu, 04 Aug 2022 20:10:08 GMT', 'Content-length': '20'} 
 body={"Movies":["n76m1"]} 
 </msg>
<msg timestamp="20220804 16:10:08.944" level="INFO">${resp} = &lt;Response [200]&gt;</msg>
<status status="PASS" starttime="20220804 16:10:06.545" endtime="20220804 16:10:08.944"/>
</kw>
<kw name="Should Be Equal As Strings" library="BuiltIn">
<arg>${resp.status_code}</arg>
<arg>200</arg>
<doc>Fails if objects are unequal after converting them to strings.</doc>
<msg timestamp="20220804 16:10:08.946" level="INFO">Argument types are:
&lt;class 'int'&gt;
&lt;class 'str'&gt;</msg>
<status status="PASS" starttime="20220804 16:10:08.945" endtime="20220804 16:10:08.947"/>
</kw>
<timeout value="30 seconds"/>
<status status="PASS" starttime="20220804 16:10:06.542" endtime="20220804 16:10:08.947"/>
</test>
<test id="s1-t10" name="GetMovieRuntimeFail" line="72">
<kw name="Create Session" library="RequestsLibrary">
<arg>localhost</arg>
<arg>http://localhost:8080</arg>
<doc>Create Session: create a HTTP session to a server</doc>
<msg timestamp="20220804 16:10:08.949" level="INFO">Creating Session using : alias=localhost, url=http://localhost:8080, headers={},                     cookies={}, auth=None, timeout=None, proxies=None, verify=False,                     debug=0 </msg>
<status status="PASS" starttime="20220804 16:10:08.948" endtime="20220804 16:10:08.949"/>
</kw>
<kw name="Create Dictionary" library="BuiltIn">
<var>${headers}</var>
<arg>Content-Type=application/json</arg>
<doc>Creates and returns a dictionary based on the given ``items``.</doc>
<msg timestamp="20220804 16:10:08.950" level="INFO">${headers} = {'Content-Type': 'application/json'}</msg>
<status status="PASS" starttime="20220804 16:10:08.950" endtime="20220804 16:10:08.950"/>
</kw>
<kw name="Create Dictionary" library="BuiltIn">
<var>${params}</var>
<arg>id=100</arg>
<doc>Creates and returns a dictionary based on the given ``items``.</doc>
<msg timestamp="20220804 16:10:08.950" level="INFO">${params} = {'id': '100'}</msg>
<status status="PASS" starttime="20220804 16:10:08.950" endtime="20220804 16:10:08.950"/>
</kw>
<kw name="Get Request" library="RequestsLibrary">
<var>${resp}</var>
<arg>localhost</arg>
<arg>/api/v1/getMovieByRuntime</arg>
<arg>json=${params}</arg>
<arg>headers=${headers}</arg>
<doc>*DEPRECATED* Please use `GET On Session` instead.</doc>
<msg timestamp="20220804 16:10:08.951" level="WARN">Keyword 'RequestsLibrary.Get Request' is deprecated. Please use `GET On Session` instead.</msg>
<msg timestamp="20220804 16:10:08.963" level="INFO">GET Request : url=http://localhost:8080/api/v1/getMovieByRuntime 
 path_url=/api/v1/getMovieByRuntime 
 headers={'User-Agent': 'python-requests/2.28.1', 'Accept-Encoding': 'gzip, deflate', 'Accept': '*/*', 'Connection': 'keep-alive', 'Content-Type': 'application/json', 'Content-Length': '13'} 
 body=b'{"id": "100"}' 
 </msg>
<msg timestamp="20220804 16:10:08.963" level="INFO">GET Response : url=http://localhost:8080/api/v1/getMovieByRuntime 
 status=400, reason=Bad Request 
 headers={'Date': 'Thu, 04 Aug 2022 20:10:08 GMT', 'Content-length': '0'} 
 body=None 
 </msg>
<msg timestamp="20220804 16:10:08.963" level="INFO">${resp} = &lt;Response [400]&gt;</msg>
<status status="PASS" starttime="20220804 16:10:08.951" endtime="20220804 16:10:08.963"/>
</kw>
<kw name="Should Be Equal As Strings" library="BuiltIn">
<arg>${resp.status_code}</arg>
<arg>400</arg>
<doc>Fails if objects are unequal after converting them to strings.</doc>
<msg timestamp="20220804 16:10:08.964" level="INFO">Argument types are:
&lt;class 'int'&gt;
&lt;class 'str'&gt;</msg>
<status status="PASS" starttime="20220804 16:10:08.963" endtime="20220804 16:10:08.964"/>
</kw>
<timeout value="30 seconds"/>
<status status="PASS" starttime="20220804 16:10:08.948" endtime="20220804 16:10:08.964"/>
</test>
<test id="s1-t11" name="GetMovieRatingsPass" line="80">
<kw name="Create Session" library="RequestsLibrary">
<arg>localhost</arg>
<arg>http://localhost:8080</arg>
<doc>Create Session: create a HTTP session to a server</doc>
<msg timestamp="20220804 16:10:08.965" level="INFO">Creating Session using : alias=localhost, url=http://localhost:8080, headers={},                     cookies={}, auth=None, timeout=None, proxies=None, verify=False,                     debug=0 </msg>
<status status="PASS" starttime="20220804 16:10:08.965" endtime="20220804 16:10:08.965"/>
</kw>
<kw name="Create Dictionary" library="BuiltIn">
<var>${headers}</var>
<arg>Content-Type=application/json</arg>
<doc>Creates and returns a dictionary based on the given ``items``.</doc>
<msg timestamp="20220804 16:10:08.966" level="INFO">${headers} = {'Content-Type': 'application/json'}</msg>
<status status="PASS" starttime="20220804 16:10:08.966" endtime="20220804 16:10:08.966"/>
</kw>
<kw name="Create Dictionary" library="BuiltIn">
<var>${params}</var>
<arg>imdbRatings=${5.0}</arg>
<doc>Creates and returns a dictionary based on the given ``items``.</doc>
<msg timestamp="20220804 16:10:08.966" level="INFO">${params} = {'imdbRatings': 5.0}</msg>
<status status="PASS" starttime="20220804 16:10:08.966" endtime="20220804 16:10:08.967"/>
</kw>
<kw name="Get Request" library="RequestsLibrary">
<var>${resp}</var>
<arg>localhost</arg>
<arg>/api/v1/getMovieByRatings</arg>
<arg>json=${params}</arg>
<arg>headers=${headers}</arg>
<doc>*DEPRECATED* Please use `GET On Session` instead.</doc>
<msg timestamp="20220804 16:10:08.967" level="WARN">Keyword 'RequestsLibrary.Get Request' is deprecated. Please use `GET On Session` instead.</msg>
<msg timestamp="20220804 16:10:11.279" level="INFO">GET Request : url=http://localhost:8080/api/v1/getMovieByRatings 
 path_url=/api/v1/getMovieByRatings 
 headers={'User-Agent': 'python-requests/2.28.1', 'Accept-Encoding': 'gzip, deflate', 'Accept': '*/*', 'Connection': 'keep-alive', 'Content-Type': 'application/json', 'Content-Length': '20'} 
 body=b'{"imdbRatings": 5.0}' 
 </msg>
<msg timestamp="20220804 16:10:11.280" level="INFO">GET Response : url=http://localhost:8080/api/v1/getMovieByRatings 
 status=200, reason=OK 
 headers={'Date': 'Thu, 04 Aug 2022 20:10:11 GMT', 'Content-length': '20'} 
 body={"Movies":["n76m1"]} 
 </msg>
<msg timestamp="20220804 16:10:11.280" level="INFO">${resp} = &lt;Response [200]&gt;</msg>
<status status="PASS" starttime="20220804 16:10:08.967" endtime="20220804 16:10:11.280"/>
</kw>
<kw name="Should Be Equal As Strings" library="BuiltIn">
<arg>${resp.status_code}</arg>
<arg>200</arg>
<doc>Fails if objects are unequal after converting them to strings.</doc>
<msg timestamp="20220804 16:10:11.283" level="INFO">Argument types are:
&lt;class 'int'&gt;
&lt;class 'str'&gt;</msg>
<status status="PASS" starttime="20220804 16:10:11.281" endtime="20220804 16:10:11.283"/>
</kw>
<timeout value="30 seconds"/>
<status status="PASS" starttime="20220804 16:10:08.965" endtime="20220804 16:10:11.283"/>
</test>
<test id="s1-t12" name="GetMovieRatingsFail" line="87">
<kw name="Create Session" library="RequestsLibrary">
<arg>localhost</arg>
<arg>http://localhost:8080</arg>
<doc>Create Session: create a HTTP session to a server</doc>
<msg timestamp="20220804 16:10:11.285" level="INFO">Creating Session using : alias=localhost, url=http://localhost:8080, headers={},                     cookies={}, auth=None, timeout=None, proxies=None, verify=False,                     debug=0 </msg>
<status status="PASS" starttime="20220804 16:10:11.285" endtime="20220804 16:10:11.285"/>
</kw>
<kw name="Create Dictionary" library="BuiltIn">
<var>${headers}</var>
<arg>Content-Type=application/json</arg>
<doc>Creates and returns a dictionary based on the given ``items``.</doc>
<msg timestamp="20220804 16:10:11.286" level="INFO">${headers} = {'Content-Type': 'application/json'}</msg>
<status status="PASS" starttime="20220804 16:10:11.285" endtime="20220804 16:10:11.286"/>
</kw>
<kw name="Create Dictionary" library="BuiltIn">
<var>${params}</var>
<arg>name=titanic</arg>
<doc>Creates and returns a dictionary based on the given ``items``.</doc>
<msg timestamp="20220804 16:10:11.286" level="INFO">${params} = {'name': 'titanic'}</msg>
<status status="PASS" starttime="20220804 16:10:11.286" endtime="20220804 16:10:11.286"/>
</kw>
<kw name="Get Request" library="RequestsLibrary">
<var>${resp}</var>
<arg>localhost</arg>
<arg>/api/v1/getMovieByRatings</arg>
<arg>json=${params}</arg>
<arg>headers=${headers}</arg>
<doc>*DEPRECATED* Please use `GET On Session` instead.</doc>
<msg timestamp="20220804 16:10:11.286" level="WARN">Keyword 'RequestsLibrary.Get Request' is deprecated. Please use `GET On Session` instead.</msg>
<msg timestamp="20220804 16:10:11.296" level="INFO">GET Request : url=http://localhost:8080/api/v1/getMovieByRatings 
 path_url=/api/v1/getMovieByRatings 
 headers={'User-Agent': 'python-requests/2.28.1', 'Accept-Encoding': 'gzip, deflate', 'Accept': '*/*', 'Connection': 'keep-alive', 'Content-Type': 'application/json', 'Content-Length': '19'} 
 body=b'{"name": "titanic"}' 
 </msg>
<msg timestamp="20220804 16:10:11.296" level="INFO">GET Response : url=http://localhost:8080/api/v1/getMovieByRatings 
 status=400, reason=Bad Request 
 headers={'Date': 'Thu, 04 Aug 2022 20:10:11 GMT', 'Content-length': '0'} 
 body=None 
 </msg>
<msg timestamp="20220804 16:10:11.296" level="INFO">${resp} = &lt;Response [400]&gt;</msg>
<status status="PASS" starttime="20220804 16:10:11.286" endtime="20220804 16:10:11.296"/>
</kw>
<kw name="Should Be Equal As Strings" library="BuiltIn">
<arg>${resp.status_code}</arg>
<arg>400</arg>
<doc>Fails if objects are unequal after converting them to strings.</doc>
<msg timestamp="20220804 16:10:11.297" level="INFO">Argument types are:
&lt;class 'int'&gt;
&lt;class 'str'&gt;</msg>
<status status="PASS" starttime="20220804 16:10:11.296" endtime="20220804 16:10:11.298"/>
</kw>
<timeout value="30 seconds"/>
<status status="PASS" starttime="20220804 16:10:11.284" endtime="20220804 16:10:11.298"/>
</test>
<test id="s1-t13" name="GetActorPass" line="95">
<kw name="Create Session" library="RequestsLibrary">
<arg>localhost</arg>
<arg>http://localhost:8080</arg>
<doc>Create Session: create a HTTP session to a server</doc>
<msg timestamp="20220804 16:10:11.299" level="INFO">Creating Session using : alias=localhost, url=http://localhost:8080, headers={},                     cookies={}, auth=None, timeout=None, proxies=None, verify=False,                     debug=0 </msg>
<status status="PASS" starttime="20220804 16:10:11.299" endtime="20220804 16:10:11.299"/>
</kw>
<kw name="Create Dictionary" library="BuiltIn">
<var>${headers}</var>
<arg>Content-Type=application/json</arg>
<doc>Creates and returns a dictionary based on the given ``items``.</doc>
<msg timestamp="20220804 16:10:11.300" level="INFO">${headers} = {'Content-Type': 'application/json'}</msg>
<status status="PASS" starttime="20220804 16:10:11.299" endtime="20220804 16:10:11.300"/>
</kw>
<kw name="Create Dictionary" library="BuiltIn">
<var>${params}</var>
<arg>actorId=nm31</arg>
<doc>Creates and returns a dictionary based on the given ``items``.</doc>
<msg timestamp="20220804 16:10:11.300" level="INFO">${params} = {'actorId': 'nm31'}</msg>
<status status="PASS" starttime="20220804 16:10:11.300" endtime="20220804 16:10:11.300"/>
</kw>
<kw name="Get Request" library="RequestsLibrary">
<var>${resp}</var>
<arg>localhost</arg>
<arg>/api/v1/getActor</arg>
<arg>json=${params}</arg>
<arg>headers=${headers}</arg>
<doc>*DEPRECATED* Please use `GET On Session` instead.</doc>
<msg timestamp="20220804 16:10:11.300" level="WARN">Keyword 'RequestsLibrary.Get Request' is deprecated. Please use `GET On Session` instead.</msg>
<msg timestamp="20220804 16:10:13.627" level="INFO">GET Request : url=http://localhost:8080/api/v1/getActor 
 path_url=/api/v1/getActor 
 headers={'User-Agent': 'python-requests/2.28.1', 'Accept-Encoding': 'gzip, deflate', 'Accept': '*/*', 'Connection': 'keep-alive', 'Content-Type': 'application/json', 'Content-Length': '19'} 
 body=b'{"actorId": "nm31"}' 
 </msg>
<msg timestamp="20220804 16:10:13.629" level="INFO">GET Response : url=http://localhost:8080/api/v1/getActor 
 status=200, reason=OK 
 headers={'Date': 'Thu, 04 Aug 2022 20:10:13 GMT', 'Content-length': '68'} 
 body={"movies":["n76m1"],"actorId":"nm31","name":"George Orwell","age":0} 
 </msg>
<msg timestamp="20220804 16:10:13.629" level="INFO">${resp} = &lt;Response [200]&gt;</msg>
<status status="PASS" starttime="20220804 16:10:11.300" endtime="20220804 16:10:13.629"/>
</kw>
<kw name="Should Be Equal As Strings" library="BuiltIn">
<arg>${resp.status_code}</arg>
<arg>200</arg>
<doc>Fails if objects are unequal after converting them to strings.</doc>
<msg timestamp="20220804 16:10:13.631" level="INFO">Argument types are:
&lt;class 'int'&gt;
&lt;class 'str'&gt;</msg>
<status status="PASS" starttime="20220804 16:10:13.630" endtime="20220804 16:10:13.631"/>
</kw>
<timeout value="30 seconds"/>
<status status="PASS" starttime="20220804 16:10:11.298" endtime="20220804 16:10:13.631"/>
</test>
<test id="s1-t14" name="GetActorFail" line="102">
<kw name="Create Session" library="RequestsLibrary">
<arg>localhost</arg>
<arg>http://localhost:8080</arg>
<doc>Create Session: create a HTTP session to a server</doc>
<msg timestamp="20220804 16:10:13.633" level="INFO">Creating Session using : alias=localhost, url=http://localhost:8080, headers={},                     cookies={}, auth=None, timeout=None, proxies=None, verify=False,                     debug=0 </msg>
<status status="PASS" starttime="20220804 16:10:13.633" endtime="20220804 16:10:13.633"/>
</kw>
<kw name="Create Dictionary" library="BuiltIn">
<var>${headers}</var>
<arg>Content-Type=application/json</arg>
<doc>Creates and returns a dictionary based on the given ``items``.</doc>
<msg timestamp="20220804 16:10:13.635" level="INFO">${headers} = {'Content-Type': 'application/json'}</msg>
<status status="PASS" starttime="20220804 16:10:13.633" endtime="20220804 16:10:13.635"/>
</kw>
<kw name="Create Dictionary" library="BuiltIn">
<var>${params}</var>
<arg>name=George</arg>
<doc>Creates and returns a dictionary based on the given ``items``.</doc>
<msg timestamp="20220804 16:10:13.635" level="INFO">${params} = {'name': 'George'}</msg>
<status status="PASS" starttime="20220804 16:10:13.635" endtime="20220804 16:10:13.636"/>
</kw>
<kw name="Get Request" library="RequestsLibrary">
<var>${resp}</var>
<arg>localhost</arg>
<arg>/api/v1/getActor</arg>
<arg>json=${params}</arg>
<arg>headers=${headers}</arg>
<doc>*DEPRECATED* Please use `GET On Session` instead.</doc>
<msg timestamp="20220804 16:10:13.636" level="WARN">Keyword 'RequestsLibrary.Get Request' is deprecated. Please use `GET On Session` instead.</msg>
<msg timestamp="20220804 16:10:13.651" level="INFO">GET Request : url=http://localhost:8080/api/v1/getActor 
 path_url=/api/v1/getActor 
 headers={'User-Agent': 'python-requests/2.28.1', 'Accept-Encoding': 'gzip, deflate', 'Accept': '*/*', 'Connection': 'keep-alive', 'Content-Type': 'application/json', 'Content-Length': '18'} 
 body=b'{"name": "George"}' 
 </msg>
<msg timestamp="20220804 16:10:13.651" level="INFO">GET Response : url=http://localhost:8080/api/v1/getActor 
 status=400, reason=Bad Request 
 headers={'Date': 'Thu, 04 Aug 2022 20:10:13 GMT', 'Content-length': '0'} 
 body=None 
 </msg>
<msg timestamp="20220804 16:10:13.652" level="INFO">${resp} = &lt;Response [400]&gt;</msg>
<status status="PASS" starttime="20220804 16:10:13.636" endtime="20220804 16:10:13.652"/>
</kw>
<kw name="Should Be Equal As Strings" library="BuiltIn">
<arg>${resp.status_code}</arg>
<arg>400</arg>
<doc>Fails if objects are unequal after converting them to strings.</doc>
<msg timestamp="20220804 16:10:13.653" level="INFO">Argument types are:
&lt;class 'int'&gt;
&lt;class 'str'&gt;</msg>
<status status="PASS" starttime="20220804 16:10:13.652" endtime="20220804 16:10:13.653"/>
</kw>
<timeout value="30 seconds"/>
<status status="PASS" starttime="20220804 16:10:13.632" endtime="20220804 16:10:13.653"/>
</test>
<test id="s1-t15" name="GetActorByAgePass" line="110">
<kw name="Create Session" library="RequestsLibrary">
<arg>localhost</arg>
<arg>http://localhost:8080</arg>
<doc>Create Session: create a HTTP session to a server</doc>
<msg timestamp="20220804 16:10:13.655" level="INFO">Creating Session using : alias=localhost, url=http://localhost:8080, headers={},                     cookies={}, auth=None, timeout=None, proxies=None, verify=False,                     debug=0 </msg>
<status status="PASS" starttime="20220804 16:10:13.654" endtime="20220804 16:10:13.655"/>
</kw>
<kw name="Create Dictionary" library="BuiltIn">
<var>${headers}</var>
<arg>Content-Type=application/json</arg>
<doc>Creates and returns a dictionary based on the given ``items``.</doc>
<msg timestamp="20220804 16:10:13.655" level="INFO">${headers} = {'Content-Type': 'application/json'}</msg>
<status status="PASS" starttime="20220804 16:10:13.655" endtime="20220804 16:10:13.655"/>
</kw>
<kw name="Create Dictionary" library="BuiltIn">
<var>${params}</var>
<arg>age=${20}</arg>
<doc>Creates and returns a dictionary based on the given ``items``.</doc>
<msg timestamp="20220804 16:10:13.656" level="INFO">${params} = {'age': 20}</msg>
<status status="PASS" starttime="20220804 16:10:13.655" endtime="20220804 16:10:13.656"/>
</kw>
<kw name="Get Request" library="RequestsLibrary">
<var>${resp}</var>
<arg>localhost</arg>
<arg>/api/v1/getActorByAge</arg>
<arg>json=${params}</arg>
<arg>headers=${headers}</arg>
<doc>*DEPRECATED* Please use `GET On Session` instead.</doc>
<msg timestamp="20220804 16:10:13.656" level="WARN">Keyword 'RequestsLibrary.Get Request' is deprecated. Please use `GET On Session` instead.</msg>
<msg timestamp="20220804 16:10:13.739" level="INFO">GET Request : url=http://localhost:8080/api/v1/getActorByAge 
 path_url=/api/v1/getActorByAge 
 headers={'User-Agent': 'python-requests/2.28.1', 'Accept-Encoding': 'gzip, deflate', 'Accept': '*/*', 'Connection': 'keep-alive', 'Content-Type': 'application/json', 'Content-Length': '11'} 
 body=b'{"age": 20}' 
 </msg>
<msg timestamp="20220804 16:10:13.739" level="INFO">GET Response : url=http://localhost:8080/api/v1/getActorByAge 
 status=500, reason=Internal Server Error 
 headers={'Date': 'Thu, 04 Aug 2022 20:10:13 GMT', 'Content-length': '0'} 
 body=None 
 </msg>
<msg timestamp="20220804 16:10:13.739" level="INFO">${resp} = &lt;Response [500]&gt;</msg>
<status status="PASS" starttime="20220804 16:10:13.656" endtime="20220804 16:10:13.739"/>
</kw>
<kw name="Should Be Equal As Strings" library="BuiltIn">
<arg>${resp.status_code}</arg>
<arg>200</arg>
<doc>Fails if objects are unequal after converting them to strings.</doc>
<msg timestamp="20220804 16:10:13.740" level="INFO">Argument types are:
&lt;class 'int'&gt;
&lt;class 'str'&gt;</msg>
<msg timestamp="20220804 16:10:13.741" level="FAIL">500 != 200</msg>
<status status="FAIL" starttime="20220804 16:10:13.739" endtime="20220804 16:10:13.741"/>
</kw>
<timeout value="30 seconds"/>
<status status="FAIL" starttime="20220804 16:10:13.654" endtime="20220804 16:10:13.742">500 != 200</status>
</test>
<test id="s1-t16" name="GetActorByAgeFail" line="117">
<kw name="Create Session" library="RequestsLibrary">
<arg>localhost</arg>
<arg>http://localhost:8080</arg>
<doc>Create Session: create a HTTP session to a server</doc>
<msg timestamp="20220804 16:10:13.743" level="INFO">Creating Session using : alias=localhost, url=http://localhost:8080, headers={},                     cookies={}, auth=None, timeout=None, proxies=None, verify=False,                     debug=0 </msg>
<status status="PASS" starttime="20220804 16:10:13.742" endtime="20220804 16:10:13.743"/>
</kw>
<kw name="Create Dictionary" library="BuiltIn">
<var>${headers}</var>
<arg>Content-Type=application/json</arg>
<doc>Creates and returns a dictionary based on the given ``items``.</doc>
<msg timestamp="20220804 16:10:13.743" level="INFO">${headers} = {'Content-Type': 'application/json'}</msg>
<status status="PASS" starttime="20220804 16:10:13.743" endtime="20220804 16:10:13.743"/>
</kw>
<kw name="Create Dictionary" library="BuiltIn">
<var>${params}</var>
<arg>actorId=George</arg>
<doc>Creates and returns a dictionary based on the given ``items``.</doc>
<msg timestamp="20220804 16:10:13.744" level="INFO">${params} = {'actorId': 'George'}</msg>
<status status="PASS" starttime="20220804 16:10:13.744" endtime="20220804 16:10:13.744"/>
</kw>
<kw name="Get Request" library="RequestsLibrary">
<var>${resp}</var>
<arg>localhost</arg>
<arg>/api/v1/getActorByAge</arg>
<arg>json=${params}</arg>
<arg>headers=${headers}</arg>
<doc>*DEPRECATED* Please use `GET On Session` instead.</doc>
<msg timestamp="20220804 16:10:13.744" level="WARN">Keyword 'RequestsLibrary.Get Request' is deprecated. Please use `GET On Session` instead.</msg>
<msg timestamp="20220804 16:10:13.750" level="INFO">GET Request : url=http://localhost:8080/api/v1/getActorByAge 
 path_url=/api/v1/getActorByAge 
 headers={'User-Agent': 'python-requests/2.28.1', 'Accept-Encoding': 'gzip, deflate', 'Accept': '*/*', 'Connection': 'keep-alive', 'Content-Type': 'application/json', 'Content-Length': '21'} 
 body=b'{"actorId": "George"}' 
 </msg>
<msg timestamp="20220804 16:10:13.750" level="INFO">GET Response : url=http://localhost:8080/api/v1/getActorByAge 
 status=400, reason=Bad Request 
 headers={'Date': 'Thu, 04 Aug 2022 20:10:13 GMT', 'Content-length': '0'} 
 body=None 
 </msg>
<msg timestamp="20220804 16:10:13.750" level="INFO">${resp} = &lt;Response [400]&gt;</msg>
<status status="PASS" starttime="20220804 16:10:13.744" endtime="20220804 16:10:13.750"/>
</kw>
<kw name="Should Be Equal As Strings" library="BuiltIn">
<arg>${resp.status_code}</arg>
<arg>400</arg>
<doc>Fails if objects are unequal after converting them to strings.</doc>
<msg timestamp="20220804 16:10:13.751" level="INFO">Argument types are:
&lt;class 'int'&gt;
&lt;class 'str'&gt;</msg>
<status status="PASS" starttime="20220804 16:10:13.751" endtime="20220804 16:10:13.751"/>
</kw>
<timeout value="30 seconds"/>
<status status="PASS" starttime="20220804 16:10:13.742" endtime="20220804 16:10:13.751"/>
</test>
<test id="s1-t17" name="hasRelationshipPass" line="124">
<kw name="Create Session" library="RequestsLibrary">
<arg>localhost</arg>
<arg>http://localhost:8080</arg>
<doc>Create Session: create a HTTP session to a server</doc>
<msg timestamp="20220804 16:10:13.752" level="INFO">Creating Session using : alias=localhost, url=http://localhost:8080, headers={},                     cookies={}, auth=None, timeout=None, proxies=None, verify=False,                     debug=0 </msg>
<status status="PASS" starttime="20220804 16:10:13.752" endtime="20220804 16:10:13.752"/>
</kw>
<kw name="Create Dictionary" library="BuiltIn">
<var>${headers}</var>
<arg>Content-Type=application/json</arg>
<doc>Creates and returns a dictionary based on the given ``items``.</doc>
<msg timestamp="20220804 16:10:13.752" level="INFO">${headers} = {'Content-Type': 'application/json'}</msg>
<status status="PASS" starttime="20220804 16:10:13.752" endtime="20220804 16:10:13.752"/>
</kw>
<kw name="Create Dictionary" library="BuiltIn">
<var>${params}</var>
<arg>actorId=nm31</arg>
<arg>movieId=n76m1</arg>
<doc>Creates and returns a dictionary based on the given ``items``.</doc>
<msg timestamp="20220804 16:10:13.752" level="INFO">${params} = {'actorId': 'nm31', 'movieId': 'n76m1'}</msg>
<status status="PASS" starttime="20220804 16:10:13.752" endtime="20220804 16:10:13.752"/>
</kw>
<kw name="Get Request" library="RequestsLibrary">
<var>${resp}</var>
<arg>localhost</arg>
<arg>/api/v1/hasRelationship</arg>
<arg>json=${params}</arg>
<arg>headers=${headers}</arg>
<doc>*DEPRECATED* Please use `GET On Session` instead.</doc>
<msg timestamp="20220804 16:10:13.752" level="WARN">Keyword 'RequestsLibrary.Get Request' is deprecated. Please use `GET On Session` instead.</msg>
<msg timestamp="20220804 16:10:16.058" level="INFO">GET Request : url=http://localhost:8080/api/v1/hasRelationship 
 path_url=/api/v1/hasRelationship 
 headers={'User-Agent': 'python-requests/2.28.1', 'Accept-Encoding': 'gzip, deflate', 'Accept': '*/*', 'Connection': 'keep-alive', 'Content-Type': 'application/json', 'Content-Length': '39'} 
 body=b'{"actorId": "nm31", "movieId": "n76m1"}' 
 </msg>
<msg timestamp="20220804 16:10:16.059" level="INFO">GET Response : url=http://localhost:8080/api/v1/hasRelationship 
 status=200, reason=OK 
 headers={'Date': 'Thu, 04 Aug 2022 20:10:16 GMT', 'Content-length': '58'} 
 body={"actorId":"nm31","movieId":"n76m1","hasRelatioship":true} 
 </msg>
<msg timestamp="20220804 16:10:16.059" level="INFO">${resp} = &lt;Response [200]&gt;</msg>
<status status="PASS" starttime="20220804 16:10:13.752" endtime="20220804 16:10:16.059"/>
</kw>
<kw name="Should Be Equal As Strings" library="BuiltIn">
<arg>${resp.status_code}</arg>
<arg>200</arg>
<doc>Fails if objects are unequal after converting them to strings.</doc>
<msg timestamp="20220804 16:10:16.061" level="INFO">Argument types are:
&lt;class 'int'&gt;
&lt;class 'str'&gt;</msg>
<status status="PASS" starttime="20220804 16:10:16.060" endtime="20220804 16:10:16.061"/>
</kw>
<timeout value="30 seconds"/>
<status status="PASS" starttime="20220804 16:10:13.751" endtime="20220804 16:10:16.061"/>
</test>
<test id="s1-t18" name="hasRelationshipFail" line="131">
<kw name="Create Session" library="RequestsLibrary">
<arg>localhost</arg>
<arg>http://localhost:8080</arg>
<doc>Create Session: create a HTTP session to a server</doc>
<msg timestamp="20220804 16:10:16.063" level="INFO">Creating Session using : alias=localhost, url=http://localhost:8080, headers={},                     cookies={}, auth=None, timeout=None, proxies=None, verify=False,                     debug=0 </msg>
<status status="PASS" starttime="20220804 16:10:16.063" endtime="20220804 16:10:16.063"/>
</kw>
<kw name="Create Dictionary" library="BuiltIn">
<var>${headers}</var>
<arg>Content-Type=application/json</arg>
<doc>Creates and returns a dictionary based on the given ``items``.</doc>
<msg timestamp="20220804 16:10:16.064" level="INFO">${headers} = {'Content-Type': 'application/json'}</msg>
<status status="PASS" starttime="20220804 16:10:16.064" endtime="20220804 16:10:16.064"/>
</kw>
<kw name="Create Dictionary" library="BuiltIn">
<var>${params}</var>
<arg>actorId=nm6731</arg>
<arg>movieId=n76m1</arg>
<doc>Creates and returns a dictionary based on the given ``items``.</doc>
<msg timestamp="20220804 16:10:16.064" level="INFO">${params} = {'actorId': 'nm6731', 'movieId': 'n76m1'}</msg>
<status status="PASS" starttime="20220804 16:10:16.064" endtime="20220804 16:10:16.065"/>
</kw>
<kw name="Get Request" library="RequestsLibrary">
<var>${resp}</var>
<arg>localhost</arg>
<arg>/api/v1/hasRelationship</arg>
<arg>json=${params}</arg>
<arg>headers=${headers}</arg>
<doc>*DEPRECATED* Please use `GET On Session` instead.</doc>
<msg timestamp="20220804 16:10:16.065" level="WARN">Keyword 'RequestsLibrary.Get Request' is deprecated. Please use `GET On Session` instead.</msg>
<msg timestamp="20220804 16:10:16.174" level="INFO">GET Request : url=http://localhost:8080/api/v1/hasRelationship 
 path_url=/api/v1/hasRelationship 
 headers={'User-Agent': 'python-requests/2.28.1', 'Accept-Encoding': 'gzip, deflate', 'Accept': '*/*', 'Connection': 'keep-alive', 'Content-Type': 'application/json', 'Content-Length': '41'} 
 body=b'{"actorId": "nm6731", "movieId": "n76m1"}' 
 </msg>
<msg timestamp="20220804 16:10:16.174" level="INFO">GET Response : url=http://localhost:8080/api/v1/hasRelationship 
 status=404, reason=Not Found 
 headers={'Date': 'Thu, 04 Aug 2022 20:10:16 GMT', 'Content-length': '0'} 
 body=None 
 </msg>
<msg timestamp="20220804 16:10:16.174" level="INFO">${resp} = &lt;Response [404]&gt;</msg>
<status status="PASS" starttime="20220804 16:10:16.065" endtime="20220804 16:10:16.174"/>
</kw>
<kw name="Should Be Equal As Strings" library="BuiltIn">
<arg>${resp.status_code}</arg>
<arg>404</arg>
<doc>Fails if objects are unequal after converting them to strings.</doc>
<msg timestamp="20220804 16:10:16.176" level="INFO">Argument types are:
&lt;class 'int'&gt;
&lt;class 'str'&gt;</msg>
<status status="PASS" starttime="20220804 16:10:16.174" endtime="20220804 16:10:16.176"/>
</kw>
<timeout value="30 seconds"/>
<status status="PASS" starttime="20220804 16:10:16.062" endtime="20220804 16:10:16.176"/>
</test>
<test id="s1-t19" name="addActorPass" line="139">
<kw name="Create Session" library="RequestsLibrary">
<arg>localhost</arg>
<arg>http://localhost:8080</arg>
<doc>Create Session: create a HTTP session to a server</doc>
<msg timestamp="20220804 16:10:16.178" level="INFO">Creating Session using : alias=localhost, url=http://localhost:8080, headers={},                     cookies={}, auth=None, timeout=None, proxies=None, verify=False,                     debug=0 </msg>
<status status="PASS" starttime="20220804 16:10:16.178" endtime="20220804 16:10:16.178"/>
</kw>
<kw name="Create Dictionary" library="BuiltIn">
<var>${headers}</var>
<arg>Content-Type=application/json</arg>
<doc>Creates and returns a dictionary based on the given ``items``.</doc>
<msg timestamp="20220804 16:10:16.178" level="INFO">${headers} = {'Content-Type': 'application/json'}</msg>
<status status="PASS" starttime="20220804 16:10:16.178" endtime="20220804 16:10:16.179"/>
</kw>
<kw name="Create Dictionary" library="BuiltIn">
<var>${params}</var>
<arg>name=Kevin Bacon</arg>
<arg>actorId=nm0000102</arg>
<arg>age=${49}</arg>
<doc>Creates and returns a dictionary based on the given ``items``.</doc>
<msg timestamp="20220804 16:10:16.179" level="INFO">${params} = {'name': 'Kevin Bacon', 'actorId': 'nm0000102', 'age': 49}</msg>
<status status="PASS" starttime="20220804 16:10:16.179" endtime="20220804 16:10:16.179"/>
</kw>
<kw name="Put Request" library="RequestsLibrary">
<var>${resp}</var>
<arg>localhost</arg>
<arg>/api/v1/addActor</arg>
<arg>data=${params}</arg>
<arg>headers=${headers}</arg>
<doc>*DEPRECATED* Please use `PUT On Session` instead.</doc>
<msg timestamp="20220804 16:10:16.180" level="WARN">Keyword 'RequestsLibrary.Put Request' is deprecated. Please use `PUT On Session` instead.</msg>
<msg timestamp="20220804 16:10:16.289" level="INFO">PUT Request : url=http://localhost:8080/api/v1/addActor 
 path_url=/api/v1/addActor 
 headers={'User-Agent': 'python-requests/2.28.1', 'Accept-Encoding': 'gzip, deflate', 'Accept': '*/*', 'Connection': 'keep-alive', 'Content-Type': 'application/json', 'Content-Length': '58'} 
 body={"name": "Kevin Bacon", "actorId": "nm0000102", "age": 49} 
 </msg>
<msg timestamp="20220804 16:10:16.289" level="INFO">PUT Response : url=http://localhost:8080/api/v1/addActor 
 status=200, reason=OK 
 headers={'Date': 'Thu, 04 Aug 2022 20:10:16 GMT', 'Content-length': '0'} 
 body=None 
 </msg>
<msg timestamp="20220804 16:10:16.289" level="INFO">${resp} = &lt;Response [200]&gt;</msg>
<status status="PASS" starttime="20220804 16:10:16.180" endtime="20220804 16:10:16.289"/>
</kw>
<kw name="Should Be Equal As Strings" library="BuiltIn">
<arg>${resp.status_code}</arg>
<arg>200</arg>
<doc>Fails if objects are unequal after converting them to strings.</doc>
<msg timestamp="20220804 16:10:16.290" level="INFO">Argument types are:
&lt;class 'int'&gt;
&lt;class 'str'&gt;</msg>
<status status="PASS" starttime="20220804 16:10:16.289" endtime="20220804 16:10:16.290"/>
</kw>
<timeout value="30 seconds"/>
<status status="PASS" starttime="20220804 16:10:16.177" endtime="20220804 16:10:16.291"/>
</test>
<test id="s1-t20" name="addRelationshipPass" line="146">
<kw name="Create Session" library="RequestsLibrary">
<arg>localhost</arg>
<arg>http://localhost:8080</arg>
<doc>Create Session: create a HTTP session to a server</doc>
<msg timestamp="20220804 16:10:16.292" level="INFO">Creating Session using : alias=localhost, url=http://localhost:8080, headers={},                     cookies={}, auth=None, timeout=None, proxies=None, verify=False,                     debug=0 </msg>
<status status="PASS" starttime="20220804 16:10:16.292" endtime="20220804 16:10:16.292"/>
</kw>
<kw name="Create Dictionary" library="BuiltIn">
<var>${headers}</var>
<arg>Content-Type=application/json</arg>
<doc>Creates and returns a dictionary based on the given ``items``.</doc>
<msg timestamp="20220804 16:10:16.292" level="INFO">${headers} = {'Content-Type': 'application/json'}</msg>
<status status="PASS" starttime="20220804 16:10:16.292" endtime="20220804 16:10:16.292"/>
</kw>
<kw name="Create Dictionary" library="BuiltIn">
<var>${params}</var>
<arg>actorId=nm0000102</arg>
<arg>movieId=n76m1</arg>
<doc>Creates and returns a dictionary based on the given ``items``.</doc>
<msg timestamp="20220804 16:10:16.293" level="INFO">${params} = {'actorId': 'nm0000102', 'movieId': 'n76m1'}</msg>
<status status="PASS" starttime="20220804 16:10:16.293" endtime="20220804 16:10:16.293"/>
</kw>
<kw name="Put Request" library="RequestsLibrary">
<var>${resp}</var>
<arg>localhost</arg>
<arg>/api/v1/addRelationship</arg>
<arg>data=${params}</arg>
<arg>headers=${headers}</arg>
<doc>*DEPRECATED* Please use `PUT On Session` instead.</doc>
<msg timestamp="20220804 16:10:16.293" level="WARN">Keyword 'RequestsLibrary.Put Request' is deprecated. Please use `PUT On Session` instead.</msg>
<msg timestamp="20220804 16:10:18.635" level="INFO">PUT Request : url=http://localhost:8080/api/v1/addRelationship 
 path_url=/api/v1/addRelationship 
 headers={'User-Agent': 'python-requests/2.28.1', 'Accept-Encoding': 'gzip, deflate', 'Accept': '*/*', 'Connection': 'keep-alive', 'Content-Type': 'application/json', 'Content-Length': '44'} 
 body={"actorId": "nm0000102", "movieId": "n76m1"} 
 </msg>
<msg timestamp="20220804 16:10:18.635" level="INFO">PUT Response : url=http://localhost:8080/api/v1/addRelationship 
 status=200, reason=OK 
 headers={'Date': 'Thu, 04 Aug 2022 20:10:18 GMT', 'Content-length': '0'} 
 body=None 
 </msg>
<msg timestamp="20220804 16:10:18.635" level="INFO">${resp} = &lt;Response [200]&gt;</msg>
<status status="PASS" starttime="20220804 16:10:16.293" endtime="20220804 16:10:18.635"/>
</kw>
<kw name="Should Be Equal As Strings" library="BuiltIn">
<arg>${resp.status_code}</arg>
<arg>200</arg>
<doc>Fails if objects are unequal after converting them to strings.</doc>
<msg timestamp="20220804 16:10:18.637" level="INFO">Argument types are:
&lt;class 'int'&gt;
&lt;class 'str'&gt;</msg>
<status status="PASS" starttime="20220804 16:10:18.636" endtime="20220804 16:10:18.637"/>
</kw>
<timeout value="30 seconds"/>
<status status="PASS" starttime="20220804 16:10:16.291" endtime="20220804 16:10:18.637"/>
</test>
<test id="s1-t21" name="BaconPathPass" line="154">
<kw name="Create Session" library="RequestsLibrary">
<arg>localhost</arg>
<arg>http://localhost:8080</arg>
<doc>Create Session: create a HTTP session to a server</doc>
<msg timestamp="20220804 16:10:18.639" level="INFO">Creating Session using : alias=localhost, url=http://localhost:8080, headers={},                     cookies={}, auth=None, timeout=None, proxies=None, verify=False,                     debug=0 </msg>
<status status="PASS" starttime="20220804 16:10:18.638" endtime="20220804 16:10:18.639"/>
</kw>
<kw name="Create Dictionary" library="BuiltIn">
<var>${headers}</var>
<arg>Content-Type=application/json</arg>
<doc>Creates and returns a dictionary based on the given ``items``.</doc>
<msg timestamp="20220804 16:10:18.639" level="INFO">${headers} = {'Content-Type': 'application/json'}</msg>
<status status="PASS" starttime="20220804 16:10:18.639" endtime="20220804 16:10:18.639"/>
</kw>
<kw name="Create Dictionary" library="BuiltIn">
<var>${params}</var>
<arg>actorId=nm31</arg>
<doc>Creates and returns a dictionary based on the given ``items``.</doc>
<msg timestamp="20220804 16:10:18.640" level="INFO">${params} = {'actorId': 'nm31'}</msg>
<status status="PASS" starttime="20220804 16:10:18.640" endtime="20220804 16:10:18.640"/>
</kw>
<kw name="Get Request" library="RequestsLibrary">
<var>${resp}</var>
<arg>localhost</arg>
<arg>/api/v1/computeBaconPath</arg>
<arg>json=${params}</arg>
<arg>headers=${headers}</arg>
<doc>*DEPRECATED* Please use `GET On Session` instead.</doc>
<msg timestamp="20220804 16:10:18.640" level="WARN">Keyword 'RequestsLibrary.Get Request' is deprecated. Please use `GET On Session` instead.</msg>
<msg timestamp="20220804 16:10:23.224" level="INFO">GET Request : url=http://localhost:8080/api/v1/computeBaconPath 
 path_url=/api/v1/computeBaconPath 
 headers={'User-Agent': 'python-requests/2.28.1', 'Accept-Encoding': 'gzip, deflate', 'Accept': '*/*', 'Connection': 'keep-alive', 'Content-Type': 'application/json', 'Content-Length': '19'} 
 body=b'{"actorId": "nm31"}' 
 </msg>
<msg timestamp="20220804 16:10:23.225" level="INFO">GET Response : url=http://localhost:8080/api/v1/computeBaconPath 
 status=200, reason=OK 
 headers={'Date': 'Thu, 04 Aug 2022 20:10:23 GMT', 'Content-length': '42'} 
 body={"baconPath":["nm31","n76m1","nm0000102"]} 
 </msg>
<msg timestamp="20220804 16:10:23.226" level="INFO">${resp} = &lt;Response [200]&gt;</msg>
<status status="PASS" starttime="20220804 16:10:18.640" endtime="20220804 16:10:23.226"/>
</kw>
<kw name="Should Be Equal As Strings" library="BuiltIn">
<arg>${resp.status_code}</arg>
<arg>200</arg>
<doc>Fails if objects are unequal after converting them to strings.</doc>
<msg timestamp="20220804 16:10:23.228" level="INFO">Argument types are:
&lt;class 'int'&gt;
&lt;class 'str'&gt;</msg>
<status status="PASS" starttime="20220804 16:10:23.226" endtime="20220804 16:10:23.228"/>
</kw>
<timeout value="30 seconds"/>
<status status="PASS" starttime="20220804 16:10:18.638" endtime="20220804 16:10:23.228"/>
</test>
<test id="s1-t22" name="BaconPathFail" line="161">
<kw name="Create Session" library="RequestsLibrary">
<arg>localhost</arg>
<arg>http://localhost:8080</arg>
<doc>Create Session: create a HTTP session to a server</doc>
<msg timestamp="20220804 16:10:23.230" level="INFO">Creating Session using : alias=localhost, url=http://localhost:8080, headers={},                     cookies={}, auth=None, timeout=None, proxies=None, verify=False,                     debug=0 </msg>
<status status="PASS" starttime="20220804 16:10:23.230" endtime="20220804 16:10:23.230"/>
</kw>
<kw name="Create Dictionary" library="BuiltIn">
<var>${headers}</var>
<arg>Content-Type=application/json</arg>
<doc>Creates and returns a dictionary based on the given ``items``.</doc>
<msg timestamp="20220804 16:10:23.231" level="INFO">${headers} = {'Content-Type': 'application/json'}</msg>
<status status="PASS" starttime="20220804 16:10:23.231" endtime="20220804 16:10:23.231"/>
</kw>
<kw name="Create Dictionary" library="BuiltIn">
<var>${params}</var>
<arg>actorId=n55m31</arg>
<doc>Creates and returns a dictionary based on the given ``items``.</doc>
<msg timestamp="20220804 16:10:23.232" level="INFO">${params} = {'actorId': 'n55m31'}</msg>
<status status="PASS" starttime="20220804 16:10:23.231" endtime="20220804 16:10:23.232"/>
</kw>
<kw name="Get Request" library="RequestsLibrary">
<var>${resp}</var>
<arg>localhost</arg>
<arg>/api/v1/computeBaconPath</arg>
<arg>json=${params}</arg>
<arg>headers=${headers}</arg>
<doc>*DEPRECATED* Please use `GET On Session` instead.</doc>
<msg timestamp="20220804 16:10:23.232" level="WARN">Keyword 'RequestsLibrary.Get Request' is deprecated. Please use `GET On Session` instead.</msg>
<msg timestamp="20220804 16:10:23.319" level="INFO">GET Request : url=http://localhost:8080/api/v1/computeBaconPath 
 path_url=/api/v1/computeBaconPath 
 headers={'User-Agent': 'python-requests/2.28.1', 'Accept-Encoding': 'gzip, deflate', 'Accept': '*/*', 'Connection': 'keep-alive', 'Content-Type': 'application/json', 'Content-Length': '21'} 
 body=b'{"actorId": "n55m31"}' 
 </msg>
<msg timestamp="20220804 16:10:23.319" level="INFO">GET Response : url=http://localhost:8080/api/v1/computeBaconPath 
 status=404, reason=Not Found 
 headers={'Date': 'Thu, 04 Aug 2022 20:10:23 GMT', 'Content-length': '0'} 
 body=None 
 </msg>
<msg timestamp="20220804 16:10:23.319" level="INFO">${resp} = &lt;Response [404]&gt;</msg>
<status status="PASS" starttime="20220804 16:10:23.232" endtime="20220804 16:10:23.319"/>
</kw>
<kw name="Should Be Equal As Strings" library="BuiltIn">
<arg>${resp.status_code}</arg>
<arg>404</arg>
<doc>Fails if objects are unequal after converting them to strings.</doc>
<msg timestamp="20220804 16:10:23.321" level="INFO">Argument types are:
&lt;class 'int'&gt;
&lt;class 'str'&gt;</msg>
<status status="PASS" starttime="20220804 16:10:23.320" endtime="20220804 16:10:23.321"/>
</kw>
<timeout value="30 seconds"/>
<status status="PASS" starttime="20220804 16:10:23.229" endtime="20220804 16:10:23.321"/>
</test>
<test id="s1-t23" name="BaconNUmberPass" line="169">
<kw name="Create Session" library="RequestsLibrary">
<arg>localhost</arg>
<arg>http://localhost:8080</arg>
<doc>Create Session: create a HTTP session to a server</doc>
<msg timestamp="20220804 16:10:23.323" level="INFO">Creating Session using : alias=localhost, url=http://localhost:8080, headers={},                     cookies={}, auth=None, timeout=None, proxies=None, verify=False,                     debug=0 </msg>
<status status="PASS" starttime="20220804 16:10:23.322" endtime="20220804 16:10:23.323"/>
</kw>
<kw name="Create Dictionary" library="BuiltIn">
<var>${headers}</var>
<arg>Content-Type=application/json</arg>
<doc>Creates and returns a dictionary based on the given ``items``.</doc>
<msg timestamp="20220804 16:10:23.323" level="INFO">${headers} = {'Content-Type': 'application/json'}</msg>
<status status="PASS" starttime="20220804 16:10:23.323" endtime="20220804 16:10:23.323"/>
</kw>
<kw name="Create Dictionary" library="BuiltIn">
<var>${params}</var>
<arg>actorId=nm31</arg>
<doc>Creates and returns a dictionary based on the given ``items``.</doc>
<msg timestamp="20220804 16:10:23.324" level="INFO">${params} = {'actorId': 'nm31'}</msg>
<status status="PASS" starttime="20220804 16:10:23.323" endtime="20220804 16:10:23.324"/>
</kw>
<kw name="Get Request" library="RequestsLibrary">
<var>${resp}</var>
<arg>localhost</arg>
<arg>/api/v1/computeBaconNumber</arg>
<arg>json=${params}</arg>
<arg>headers=${headers}</arg>
<doc>*DEPRECATED* Please use `GET On Session` instead.</doc>
<msg timestamp="20220804 16:10:23.324" level="WARN">Keyword 'RequestsLibrary.Get Request' is deprecated. Please use `GET On Session` instead.</msg>
<msg timestamp="20220804 16:10:25.640" level="INFO">GET Request : url=http://localhost:8080/api/v1/computeBaconNumber 
 path_url=/api/v1/computeBaconNumber 
 headers={'User-Agent': 'python-requests/2.28.1', 'Accept-Encoding': 'gzip, deflate', 'Accept': '*/*', 'Connection': 'keep-alive', 'Content-Type': 'application/json', 'Content-Length': '19'} 
 body=b'{"actorId": "nm31"}' 
 </msg>
<msg timestamp="20220804 16:10:25.641" level="INFO">GET Response : url=http://localhost:8080/api/v1/computeBaconNumber 
 status=200, reason=OK 
 headers={'Date': 'Thu, 04 Aug 2022 20:10:25 GMT', 'Content-length': '17'} 
 body={"baconNumber":1} 
 </msg>
<msg timestamp="20220804 16:10:25.642" level="INFO">${resp} = &lt;Response [200]&gt;</msg>
<status status="PASS" starttime="20220804 16:10:23.324" endtime="20220804 16:10:25.642"/>
</kw>
<kw name="Should Be Equal As Strings" library="BuiltIn">
<arg>${resp.status_code}</arg>
<arg>200</arg>
<doc>Fails if objects are unequal after converting them to strings.</doc>
<msg timestamp="20220804 16:10:25.644" level="INFO">Argument types are:
&lt;class 'int'&gt;
&lt;class 'str'&gt;</msg>
<status status="PASS" starttime="20220804 16:10:25.643" endtime="20220804 16:10:25.644"/>
</kw>
<timeout value="30 seconds"/>
<status status="PASS" starttime="20220804 16:10:23.322" endtime="20220804 16:10:25.645"/>
</test>
<test id="s1-t24" name="BaconNUmberFail" line="176">
<kw name="Create Session" library="RequestsLibrary">
<arg>localhost</arg>
<arg>http://localhost:8080</arg>
<doc>Create Session: create a HTTP session to a server</doc>
<msg timestamp="20220804 16:10:25.646" level="INFO">Creating Session using : alias=localhost, url=http://localhost:8080, headers={},                     cookies={}, auth=None, timeout=None, proxies=None, verify=False,                     debug=0 </msg>
<status status="PASS" starttime="20220804 16:10:25.646" endtime="20220804 16:10:25.646"/>
</kw>
<kw name="Create Dictionary" library="BuiltIn">
<var>${headers}</var>
<arg>Content-Type=application/json</arg>
<doc>Creates and returns a dictionary based on the given ``items``.</doc>
<msg timestamp="20220804 16:10:25.647" level="INFO">${headers} = {'Content-Type': 'application/json'}</msg>
<status status="PASS" starttime="20220804 16:10:25.646" endtime="20220804 16:10:25.647"/>
</kw>
<kw name="Create Dictionary" library="BuiltIn">
<var>${params}</var>
<arg>actorId=n55m31</arg>
<doc>Creates and returns a dictionary based on the given ``items``.</doc>
<msg timestamp="20220804 16:10:25.647" level="INFO">${params} = {'actorId': 'n55m31'}</msg>
<status status="PASS" starttime="20220804 16:10:25.647" endtime="20220804 16:10:25.647"/>
</kw>
<kw name="Get Request" library="RequestsLibrary">
<var>${resp}</var>
<arg>localhost</arg>
<arg>/api/v1/computeBaconNumber</arg>
<arg>json=${params}</arg>
<arg>headers=${headers}</arg>
<doc>*DEPRECATED* Please use `GET On Session` instead.</doc>
<msg timestamp="20220804 16:10:25.647" level="WARN">Keyword 'RequestsLibrary.Get Request' is deprecated. Please use `GET On Session` instead.</msg>
<msg timestamp="20220804 16:10:25.725" level="INFO">GET Request : url=http://localhost:8080/api/v1/computeBaconNumber 
 path_url=/api/v1/computeBaconNumber 
 headers={'User-Agent': 'python-requests/2.28.1', 'Accept-Encoding': 'gzip, deflate', 'Accept': '*/*', 'Connection': 'keep-alive', 'Content-Type': 'application/json', 'Content-Length': '21'} 
 body=b'{"actorId": "n55m31"}' 
 </msg>
<msg timestamp="20220804 16:10:25.725" level="INFO">GET Response : url=http://localhost:8080/api/v1/computeBaconNumber 
 status=404, reason=Not Found 
 headers={'Date': 'Thu, 04 Aug 2022 20:10:25 GMT', 'Content-length': '0'} 
 body=None 
 </msg>
<msg timestamp="20220804 16:10:25.725" level="INFO">${resp} = &lt;Response [404]&gt;</msg>
<status status="PASS" starttime="20220804 16:10:25.647" endtime="20220804 16:10:25.725"/>
</kw>
<kw name="Should Be Equal As Strings" library="BuiltIn">
<arg>${resp.status_code}</arg>
<arg>404</arg>
<doc>Fails if objects are unequal after converting them to strings.</doc>
<msg timestamp="20220804 16:10:25.727" level="INFO">Argument types are:
&lt;class 'int'&gt;
&lt;class 'str'&gt;</msg>
<status status="PASS" starttime="20220804 16:10:25.726" endtime="20220804 16:10:25.728"/>
</kw>
<timeout value="30 seconds"/>
<status status="PASS" starttime="20220804 16:10:25.645" endtime="20220804 16:10:25.728"/>
</test>
<status status="FAIL" starttime="20220804 16:09:56.770" endtime="20220804 16:10:25.729"/>
</suite>
<statistics>
<total>
<stat pass="23" fail="1" skip="0">All Tests</stat>
</total>
<tag>
</tag>
<suite>
<stat pass="23" fail="1" skip="0" id="s1" name="testBooks">testBooks</stat>
</suite>
</statistics>
<errors>
<msg timestamp="20220804 16:09:56.812" level="WARN">Keyword 'RequestsLibrary.Put Request' is deprecated. Please use `PUT On Session` instead.</msg>
<msg timestamp="20220804 16:09:57.040" level="WARN">Keyword 'RequestsLibrary.Put Request' is deprecated. Please use `PUT On Session` instead.</msg>
<msg timestamp="20220804 16:09:59.293" level="WARN">Keyword 'RequestsLibrary.Put Request' is deprecated. Please use `PUT On Session` instead.</msg>
<msg timestamp="20220804 16:09:59.432" level="WARN">Keyword 'RequestsLibrary.Put Request' is deprecated. Please use `PUT On Session` instead.</msg>
<msg timestamp="20220804 16:10:01.697" level="WARN">Keyword 'RequestsLibrary.Put Request' is deprecated. Please use `PUT On Session` instead.</msg>
<msg timestamp="20220804 16:10:01.897" level="WARN">Keyword 'RequestsLibrary.Put Request' is deprecated. Please use `PUT On Session` instead.</msg>
<msg timestamp="20220804 16:10:04.227" level="WARN">Keyword 'RequestsLibrary.Get Request' is deprecated. Please use `GET On Session` instead.</msg>
<msg timestamp="20220804 16:10:06.533" level="WARN">Keyword 'RequestsLibrary.Get Request' is deprecated. Please use `GET On Session` instead.</msg>
<msg timestamp="20220804 16:10:06.545" level="WARN">Keyword 'RequestsLibrary.Get Request' is deprecated. Please use `GET On Session` instead.</msg>
<msg timestamp="20220804 16:10:08.951" level="WARN">Keyword 'RequestsLibrary.Get Request' is deprecated. Please use `GET On Session` instead.</msg>
<msg timestamp="20220804 16:10:08.967" level="WARN">Keyword 'RequestsLibrary.Get Request' is deprecated. Please use `GET On Session` instead.</msg>
<msg timestamp="20220804 16:10:11.286" level="WARN">Keyword 'RequestsLibrary.Get Request' is deprecated. Please use `GET On Session` instead.</msg>
<msg timestamp="20220804 16:10:11.300" level="WARN">Keyword 'RequestsLibrary.Get Request' is deprecated. Please use `GET On Session` instead.</msg>
<msg timestamp="20220804 16:10:13.636" level="WARN">Keyword 'RequestsLibrary.Get Request' is deprecated. Please use `GET On Session` instead.</msg>
<msg timestamp="20220804 16:10:13.656" level="WARN">Keyword 'RequestsLibrary.Get Request' is deprecated. Please use `GET On Session` instead.</msg>
<msg timestamp="20220804 16:10:13.744" level="WARN">Keyword 'RequestsLibrary.Get Request' is deprecated. Please use `GET On Session` instead.</msg>
<msg timestamp="20220804 16:10:13.752" level="WARN">Keyword 'RequestsLibrary.Get Request' is deprecated. Please use `GET On Session` instead.</msg>
<msg timestamp="20220804 16:10:16.065" level="WARN">Keyword 'RequestsLibrary.Get Request' is deprecated. Please use `GET On Session` instead.</msg>
<msg timestamp="20220804 16:10:16.177" level="WARN">Multiple tests with name 'addActorPass' executed in suite 'testBooks'.</msg>
<msg timestamp="20220804 16:10:16.180" level="WARN">Keyword 'RequestsLibrary.Put Request' is deprecated. Please use `PUT On Session` instead.</msg>
<msg timestamp="20220804 16:10:16.291" level="WARN">Multiple tests with name 'addRelationshipPass' executed in suite 'testBooks'.</msg>
<msg timestamp="20220804 16:10:16.293" level="WARN">Keyword 'RequestsLibrary.Put Request' is deprecated. Please use `PUT On Session` instead.</msg>
<msg timestamp="20220804 16:10:18.640" level="WARN">Keyword 'RequestsLibrary.Get Request' is deprecated. Please use `GET On Session` instead.</msg>
<msg timestamp="20220804 16:10:23.232" level="WARN">Keyword 'RequestsLibrary.Get Request' is deprecated. Please use `GET On Session` instead.</msg>
<msg timestamp="20220804 16:10:23.324" level="WARN">Keyword 'RequestsLibrary.Get Request' is deprecated. Please use `GET On Session` instead.</msg>
<msg timestamp="20220804 16:10:25.647" level="WARN">Keyword 'RequestsLibrary.Get Request' is deprecated. Please use `GET On Session` instead.</msg>
</errors>
</robot>
